<?xml version="1.0" encoding="UTF-8"?>
<testng-results skipped="0" failed="0" ignored="0" total="1" passed="1">
  <reporter-output>
  </reporter-output>
  <suite name="Command line suite" duration-ms="32789" started-at="2020-02-05T11:12:26 EST" finished-at="2020-02-05T11:12:59 EST">
    <groups>
    </groups>
    <test name="Command line test" duration-ms="32789" started-at="2020-02-05T11:12:26 EST" finished-at="2020-02-05T11:12:59 EST">
      <class name="src.com.example.tests.TC003CreateExistingNode">
        <test-method status="PASS" signature="setUp()[pri:0, instance:src.com.example.tests.TC003CreateExistingNode@5e4bd84a]" name="setUp" is-config="true" duration-ms="9068" started-at="2020-02-05T11:12:26 EST" finished-at="2020-02-05T11:12:35 EST">
          <reporter-output>
          </reporter-output>
        </test-method> <!-- setUp -->
        <test-method status="PASS" signature="testTC003CreateExistingNode()[pri:0, instance:src.com.example.tests.TC003CreateExistingNode@5e4bd84a]" name="testTC003CreateExistingNode" duration-ms="23131" started-at="2020-02-05T11:12:35 EST" finished-at="2020-02-05T11:12:58 EST">
          <reporter-output>
          </reporter-output>
        </test-method> <!-- testTC003CreateExistingNode -->
        <test-method status="PASS" signature="tearDown()[pri:0, instance:src.com.example.tests.TC003CreateExistingNode@5e4bd84a]" name="tearDown" is-config="true" duration-ms="589" started-at="2020-02-05T11:12:58 EST" finished-at="2020-02-05T11:12:59 EST">
          <reporter-output>
          </reporter-output>
        </test-method> <!-- tearDown -->
      </class> <!-- src.com.example.tests.TC003CreateExistingNode -->
    </test> <!-- Command line test -->
  </suite> <!-- Command line suite -->
</testng-results>
