<?xml version="1.0" encoding="UTF-8"?>
<testng-results skipped="0" failed="0" ignored="0" total="3" passed="3">
  <reporter-output>
  </reporter-output>
  <suite name="Default suite" duration-ms="29145" started-at="2020-03-13T15:25:50 EDT" finished-at="2020-03-13T15:26:19 EDT">
    <groups>
    </groups>
    <test name="Default test" duration-ms="29145" started-at="2020-03-13T15:25:50 EDT" finished-at="2020-03-13T15:26:19 EDT">
      <class name="src.com.example.tests.RegressionTestPCS">
        <test-method status="PASS" signature="setUp()[pri:0, instance:src.com.example.tests.RegressionTestPCS@7d8995e]" name="setUp" is-config="true" duration-ms="9661" started-at="2020-03-13T15:25:50 EDT" finished-at="2020-03-13T15:26:00 EDT">
          <reporter-output>
          </reporter-output>
        </test-method> <!-- setUp -->
        <test-method status="PASS" signature="TC001loginValidatePCS()[pri:1, instance:src.com.example.tests.RegressionTestPCS@7d8995e]" name="TC001loginValidatePCS" duration-ms="1228" started-at="2020-03-13T15:26:00 EDT" finished-at="2020-03-13T15:26:01 EDT">
          <reporter-output>
          </reporter-output>
        </test-method> <!-- TC001loginValidatePCS -->
        <test-method status="PASS" signature="TC009setGlobalUnitMeasure()[pri:4, instance:src.com.example.tests.RegressionTestPCS@7d8995e]" name="TC009setGlobalUnitMeasure" duration-ms="1129" started-at="2020-03-13T15:26:01 EDT" depends-on-methods="src.com.example.tests.RegressionTestPCS.TC001loginValidatePCS" finished-at="2020-03-13T15:26:02 EDT">
          <reporter-output>
          </reporter-output>
        </test-method> <!-- TC009setGlobalUnitMeasure -->
        <test-method status="PASS" signature="TC0010getSnapshot()[pri:4, instance:src.com.example.tests.RegressionTestPCS@7d8995e]" name="TC0010getSnapshot" duration-ms="2108" started-at="2020-03-13T15:26:02 EDT" depends-on-methods="src.com.example.tests.RegressionTestPCS.TC009setGlobalUnitMeasure" finished-at="2020-03-13T15:26:04 EDT">
          <reporter-output>
          </reporter-output>
        </test-method> <!-- TC0010getSnapshot -->
        <test-method status="PASS" signature="tearDown()[pri:0, instance:src.com.example.tests.RegressionTestPCS@7d8995e]" name="tearDown" is-config="true" duration-ms="14989" started-at="2020-03-13T15:26:04 EDT" finished-at="2020-03-13T15:26:19 EDT">
          <reporter-output>
          </reporter-output>
        </test-method> <!-- tearDown -->
      </class> <!-- src.com.example.tests.RegressionTestPCS -->
    </test> <!-- Default test -->
  </suite> <!-- Default suite -->
</testng-results>
