<?xml version="1.0" encoding="UTF-8"?>
<testng-results skipped="7" failed="1" ignored="0" total="12" passed="4">
  <reporter-output>
  </reporter-output>
  <suite name="Default suite" duration-ms="34527" started-at="2020-03-19T16:06:32 EDT" finished-at="2020-03-19T16:07:06 EDT">
    <groups>
    </groups>
    <test name="Default test" duration-ms="34527" started-at="2020-03-19T16:06:32 EDT" finished-at="2020-03-19T16:07:06 EDT">
      <class name="src.com.example.tests.RegressionTestPCS">
        <test-method status="PASS" signature="setUp()[pri:0, instance:src.com.example.tests.RegressionTestPCS@3108bc]" name="setUp" is-config="true" duration-ms="9599" started-at="2020-03-19T16:06:32 EDT" finished-at="2020-03-19T16:06:41 EDT">
          <reporter-output>
          </reporter-output>
        </test-method> <!-- setUp -->
        <test-method status="PASS" signature="TC001loginValidatePCS()[pri:1, instance:src.com.example.tests.RegressionTestPCS@3108bc]" name="TC001loginValidatePCS" duration-ms="1725" started-at="2020-03-19T16:06:41 EDT" finished-at="2020-03-19T16:06:43 EDT">
          <reporter-output>
          </reporter-output>
        </test-method> <!-- TC001loginValidatePCS -->
        <test-method status="PASS" signature="TC002createNodePCS()[pri:2, instance:src.com.example.tests.RegressionTestPCS@3108bc]" name="TC002createNodePCS" duration-ms="3523" started-at="2020-03-19T16:06:43 EDT" depends-on-methods="src.com.example.tests.RegressionTestPCS.TC001loginValidatePCS" finished-at="2020-03-19T16:06:47 EDT">
          <reporter-output>
          </reporter-output>
        </test-method> <!-- TC002createNodePCS -->
        <test-method status="PASS" signature="TC003createExistingNode()[pri:3, instance:src.com.example.tests.RegressionTestPCS@3108bc]" name="TC003createExistingNode" duration-ms="1026" started-at="2020-03-19T16:06:47 EDT" depends-on-methods="src.com.example.tests.RegressionTestPCS.TC002createNodePCS" finished-at="2020-03-19T16:06:48 EDT">
          <reporter-output>
          </reporter-output>
        </test-method> <!-- TC003createExistingNode -->
        <test-method status="PASS" signature="TC004deleteNode()[pri:4, instance:src.com.example.tests.RegressionTestPCS@3108bc]" name="TC004deleteNode" duration-ms="3207" started-at="2020-03-19T16:06:48 EDT" depends-on-methods="src.com.example.tests.RegressionTestPCS.TC003createExistingNode" finished-at="2020-03-19T16:06:51 EDT">
          <reporter-output>
          </reporter-output>
        </test-method> <!-- TC004deleteNode -->
        <test-method status="FAIL" signature="TC005editNode()[pri:5, instance:src.com.example.tests.RegressionTestPCS@3108bc]" name="TC005editNode" duration-ms="14816" started-at="2020-03-19T16:06:51 EDT" depends-on-methods="src.com.example.tests.RegressionTestPCS.TC004deleteNode" finished-at="2020-03-19T16:07:06 EDT">
          <exception class="org.openqa.selenium.StaleElementReferenceException">
            <message>
              <![CDATA[stale element reference: element is not attached to the page document
  (Session info: chrome=80.0.3987.132)
For documentation on this error, please visit: https://www.seleniumhq.org/exceptions/stale_element_reference.html
Build info: version: '3.141.59', revision: 'e82be7d358', time: '2018-11-14T08:25:53'
System info: host: 'DESKTOP-QSPLCG3', ip: '10.10.13.188', os.name: 'Windows 10', os.arch: 'amd64', os.version: '10.0', java.version: '1.8.0_231'
Driver info: org.openqa.selenium.chrome.ChromeDriver
Capabilities {acceptInsecureCerts: false, browserName: chrome, browserVersion: 80.0.3987.132, chrome: {chromedriverVersion: 80.0.3987.106 (f68069574609..., userDataDir: C:\Users\DANIEL~1\AppData\L...}, goog:chromeOptions: {debuggerAddress: localhost:59142}, javascriptEnabled: true, networkConnectionEnabled: false, pageLoadStrategy: normal, platform: WINDOWS, platformName: WINDOWS, proxy: Proxy(), setWindowRect: true, strictFileInteractability: false, timeouts: {implicit: 0, pageLoad: 300000, script: 30000}, unhandledPromptBehavior: dismiss and notify}
Session ID: bb16e2a4370d81029939b6dc82838bab
*** Element info: {Using=id, value=tableNodeID}]]>
            </message>
            <full-stacktrace>
              <![CDATA[org.openqa.selenium.StaleElementReferenceException: stale element reference: element is not attached to the page document
  (Session info: chrome=80.0.3987.132)
For documentation on this error, please visit: https://www.seleniumhq.org/exceptions/stale_element_reference.html
Build info: version: '3.141.59', revision: 'e82be7d358', time: '2018-11-14T08:25:53'
System info: host: 'DESKTOP-QSPLCG3', ip: '10.10.13.188', os.name: 'Windows 10', os.arch: 'amd64', os.version: '10.0', java.version: '1.8.0_231'
Driver info: org.openqa.selenium.chrome.ChromeDriver
Capabilities {acceptInsecureCerts: false, browserName: chrome, browserVersion: 80.0.3987.132, chrome: {chromedriverVersion: 80.0.3987.106 (f68069574609..., userDataDir: C:\Users\DANIEL~1\AppData\L...}, goog:chromeOptions: {debuggerAddress: localhost:59142}, javascriptEnabled: true, networkConnectionEnabled: false, pageLoadStrategy: normal, platform: WINDOWS, platformName: WINDOWS, proxy: Proxy(), setWindowRect: true, strictFileInteractability: false, timeouts: {implicit: 0, pageLoad: 300000, script: 30000}, unhandledPromptBehavior: dismiss and notify}
Session ID: bb16e2a4370d81029939b6dc82838bab
*** Element info: {Using=id, value=tableNodeID}
at sun.reflect.NativeConstructorAccessorImpl.newInstance0(Native Method)
at sun.reflect.NativeConstructorAccessorImpl.newInstance(NativeConstructorAccessorImpl.java:62)
at sun.reflect.DelegatingConstructorAccessorImpl.newInstance(DelegatingConstructorAccessorImpl.java:45)
at java.lang.reflect.Constructor.newInstance(Constructor.java:423)
at org.openqa.selenium.remote.http.W3CHttpResponseCodec.createException(W3CHttpResponseCodec.java:187)
at org.openqa.selenium.remote.http.W3CHttpResponseCodec.decode(W3CHttpResponseCodec.java:122)
at org.openqa.selenium.remote.http.W3CHttpResponseCodec.decode(W3CHttpResponseCodec.java:49)
at org.openqa.selenium.remote.HttpCommandExecutor.execute(HttpCommandExecutor.java:158)
at org.openqa.selenium.remote.service.DriverCommandExecutor.execute(DriverCommandExecutor.java:83)
at org.openqa.selenium.remote.RemoteWebDriver.execute(RemoteWebDriver.java:552)
at org.openqa.selenium.remote.RemoteWebElement.execute(RemoteWebElement.java:285)
at org.openqa.selenium.remote.RemoteWebElement.findElement(RemoteWebElement.java:185)
at org.openqa.selenium.remote.RemoteWebElement.findElementById(RemoteWebElement.java:221)
at org.openqa.selenium.By$ById.findElement(By.java:188)
at org.openqa.selenium.remote.RemoteWebElement.findElement(RemoteWebElement.java:181)
at src.com.example.tests.SuiteTestPCS.editNode(SuiteTestPCS.java:358)
at src.com.example.tests.RegressionTestPCS.TC005editNode(RegressionTestPCS.java:66)
at sun.reflect.NativeMethodAccessorImpl.invoke0(Native Method)
at sun.reflect.NativeMethodAccessorImpl.invoke(NativeMethodAccessorImpl.java:62)
at sun.reflect.DelegatingMethodAccessorImpl.invoke(DelegatingMethodAccessorImpl.java:43)
at java.lang.reflect.Method.invoke(Method.java:498)
at org.testng.internal.MethodInvocationHelper.invokeMethod(MethodInvocationHelper.java:133)
at org.testng.internal.TestInvoker.invokeMethod(TestInvoker.java:584)
at org.testng.internal.TestInvoker.invokeTestMethod(TestInvoker.java:172)
at org.testng.internal.MethodRunner.runInSequence(MethodRunner.java:46)
at org.testng.internal.TestInvoker$MethodInvocationAgent.invoke(TestInvoker.java:804)
at org.testng.internal.TestInvoker.invokeTestMethods(TestInvoker.java:145)
at org.testng.internal.TestMethodWorker.invokeTestMethods(TestMethodWorker.java:146)
at org.testng.internal.TestMethodWorker.run(TestMethodWorker.java:128)
at java.util.ArrayList.forEach(ArrayList.java:1257)
at org.testng.TestRunner.privateRun(TestRunner.java:770)
at org.testng.TestRunner.run(TestRunner.java:591)
at org.testng.SuiteRunner.runTest(SuiteRunner.java:402)
at org.testng.SuiteRunner.runSequentially(SuiteRunner.java:396)
at org.testng.SuiteRunner.privateRun(SuiteRunner.java:355)
at org.testng.SuiteRunner.run(SuiteRunner.java:304)
at org.testng.SuiteRunnerWorker.runSuite(SuiteRunnerWorker.java:53)
at org.testng.SuiteRunnerWorker.run(SuiteRunnerWorker.java:96)
at org.testng.TestNG.runSuitesSequentially(TestNG.java:1180)
at org.testng.TestNG.runSuitesLocally(TestNG.java:1102)
at org.testng.TestNG.runSuites(TestNG.java:1032)
at org.testng.TestNG.run(TestNG.java:1000)
at org.testng.remote.AbstractRemoteTestNG.run(AbstractRemoteTestNG.java:115)
at org.testng.remote.RemoteTestNG.initAndRun(RemoteTestNG.java:251)
at org.testng.remote.RemoteTestNG.main(RemoteTestNG.java:77)
]]>
            </full-stacktrace>
          </exception> <!-- org.openqa.selenium.StaleElementReferenceException -->
          <reporter-output>
          </reporter-output>
        </test-method> <!-- TC005editNode -->
        <test-method status="SKIP" signature="TC006statusCheck()[pri:6, instance:src.com.example.tests.RegressionTestPCS@3108bc]" name="TC006statusCheck" duration-ms="0" started-at="2020-03-19T16:07:06 EDT" depends-on-methods="src.com.example.tests.RegressionTestPCS.TC005editNode" finished-at="2020-03-19T16:07:06 EDT">
          <exception class="java.lang.Throwable">
            <message>
              <![CDATA[Method RegressionTestPCS.TC006statusCheck()[pri:6, instance:src.com.example.tests.RegressionTestPCS@3108bc] depends on not successfully finished methods]]>
            </message>
            <full-stacktrace>
              <![CDATA[java.lang.Throwable: Method RegressionTestPCS.TC006statusCheck()[pri:6, instance:src.com.example.tests.RegressionTestPCS@3108bc] depends on not successfully finished methods
at org.testng.internal.TestInvoker.invokeTestMethods(TestInvoker.java:99)
at org.testng.internal.TestMethodWorker.invokeTestMethods(TestMethodWorker.java:146)
at org.testng.internal.TestMethodWorker.run(TestMethodWorker.java:128)
at java.util.ArrayList.forEach(ArrayList.java:1257)
at org.testng.TestRunner.privateRun(TestRunner.java:770)
at org.testng.TestRunner.run(TestRunner.java:591)
at org.testng.SuiteRunner.runTest(SuiteRunner.java:402)
at org.testng.SuiteRunner.runSequentially(SuiteRunner.java:396)
at org.testng.SuiteRunner.privateRun(SuiteRunner.java:355)
at org.testng.SuiteRunner.run(SuiteRunner.java:304)
at org.testng.SuiteRunnerWorker.runSuite(SuiteRunnerWorker.java:53)
at org.testng.SuiteRunnerWorker.run(SuiteRunnerWorker.java:96)
at org.testng.TestNG.runSuitesSequentially(TestNG.java:1180)
at org.testng.TestNG.runSuitesLocally(TestNG.java:1102)
at org.testng.TestNG.runSuites(TestNG.java:1032)
at org.testng.TestNG.run(TestNG.java:1000)
at org.testng.remote.AbstractRemoteTestNG.run(AbstractRemoteTestNG.java:115)
at org.testng.remote.RemoteTestNG.initAndRun(RemoteTestNG.java:251)
at org.testng.remote.RemoteTestNG.main(RemoteTestNG.java:77)
]]>
            </full-stacktrace>
          </exception> <!-- java.lang.Throwable -->
          <reporter-output>
          </reporter-output>
        </test-method> <!-- TC006statusCheck -->
        <test-method status="SKIP" signature="T007stopSchedulerAllNodes()[pri:7, instance:src.com.example.tests.RegressionTestPCS@3108bc]" name="T007stopSchedulerAllNodes" duration-ms="1" started-at="2020-03-19T16:07:06 EDT" depends-on-methods="src.com.example.tests.RegressionTestPCS.TC006statusCheck" finished-at="2020-03-19T16:07:06 EDT">
          <exception class="java.lang.Throwable">
            <message>
              <![CDATA[Method RegressionTestPCS.T007stopSchedulerAllNodes()[pri:7, instance:src.com.example.tests.RegressionTestPCS@3108bc] depends on not successfully finished methods]]>
            </message>
            <full-stacktrace>
              <![CDATA[java.lang.Throwable: Method RegressionTestPCS.T007stopSchedulerAllNodes()[pri:7, instance:src.com.example.tests.RegressionTestPCS@3108bc] depends on not successfully finished methods
at org.testng.internal.TestInvoker.invokeTestMethods(TestInvoker.java:99)
at org.testng.internal.TestMethodWorker.invokeTestMethods(TestMethodWorker.java:146)
at org.testng.internal.TestMethodWorker.run(TestMethodWorker.java:128)
at java.util.ArrayList.forEach(ArrayList.java:1257)
at org.testng.TestRunner.privateRun(TestRunner.java:770)
at org.testng.TestRunner.run(TestRunner.java:591)
at org.testng.SuiteRunner.runTest(SuiteRunner.java:402)
at org.testng.SuiteRunner.runSequentially(SuiteRunner.java:396)
at org.testng.SuiteRunner.privateRun(SuiteRunner.java:355)
at org.testng.SuiteRunner.run(SuiteRunner.java:304)
at org.testng.SuiteRunnerWorker.runSuite(SuiteRunnerWorker.java:53)
at org.testng.SuiteRunnerWorker.run(SuiteRunnerWorker.java:96)
at org.testng.TestNG.runSuitesSequentially(TestNG.java:1180)
at org.testng.TestNG.runSuitesLocally(TestNG.java:1102)
at org.testng.TestNG.runSuites(TestNG.java:1032)
at org.testng.TestNG.run(TestNG.java:1000)
at org.testng.remote.AbstractRemoteTestNG.run(AbstractRemoteTestNG.java:115)
at org.testng.remote.RemoteTestNG.initAndRun(RemoteTestNG.java:251)
at org.testng.remote.RemoteTestNG.main(RemoteTestNG.java:77)
]]>
            </full-stacktrace>
          </exception> <!-- java.lang.Throwable -->
          <reporter-output>
          </reporter-output>
        </test-method> <!-- T007stopSchedulerAllNodes -->
        <test-method status="SKIP" signature="TC008setGlobalUnitMeasure()[pri:8, instance:src.com.example.tests.RegressionTestPCS@3108bc]" name="TC008setGlobalUnitMeasure" duration-ms="0" started-at="2020-03-19T16:07:06 EDT" depends-on-methods="src.com.example.tests.RegressionTestPCS.T007stopSchedulerAllNodes" finished-at="2020-03-19T16:07:06 EDT">
          <exception class="java.lang.Throwable">
            <message>
              <![CDATA[Method RegressionTestPCS.TC008setGlobalUnitMeasure()[pri:8, instance:src.com.example.tests.RegressionTestPCS@3108bc] depends on not successfully finished methods]]>
            </message>
            <full-stacktrace>
              <![CDATA[java.lang.Throwable: Method RegressionTestPCS.TC008setGlobalUnitMeasure()[pri:8, instance:src.com.example.tests.RegressionTestPCS@3108bc] depends on not successfully finished methods
at org.testng.internal.TestInvoker.invokeTestMethods(TestInvoker.java:99)
at org.testng.internal.TestMethodWorker.invokeTestMethods(TestMethodWorker.java:146)
at org.testng.internal.TestMethodWorker.run(TestMethodWorker.java:128)
at java.util.ArrayList.forEach(ArrayList.java:1257)
at org.testng.TestRunner.privateRun(TestRunner.java:770)
at org.testng.TestRunner.run(TestRunner.java:591)
at org.testng.SuiteRunner.runTest(SuiteRunner.java:402)
at org.testng.SuiteRunner.runSequentially(SuiteRunner.java:396)
at org.testng.SuiteRunner.privateRun(SuiteRunner.java:355)
at org.testng.SuiteRunner.run(SuiteRunner.java:304)
at org.testng.SuiteRunnerWorker.runSuite(SuiteRunnerWorker.java:53)
at org.testng.SuiteRunnerWorker.run(SuiteRunnerWorker.java:96)
at org.testng.TestNG.runSuitesSequentially(TestNG.java:1180)
at org.testng.TestNG.runSuitesLocally(TestNG.java:1102)
at org.testng.TestNG.runSuites(TestNG.java:1032)
at org.testng.TestNG.run(TestNG.java:1000)
at org.testng.remote.AbstractRemoteTestNG.run(AbstractRemoteTestNG.java:115)
at org.testng.remote.RemoteTestNG.initAndRun(RemoteTestNG.java:251)
at org.testng.remote.RemoteTestNG.main(RemoteTestNG.java:77)
]]>
            </full-stacktrace>
          </exception> <!-- java.lang.Throwable -->
          <reporter-output>
          </reporter-output>
        </test-method> <!-- TC008setGlobalUnitMeasure -->
        <test-method status="SKIP" signature="TC009statusCheck()[pri:9, instance:src.com.example.tests.RegressionTestPCS@3108bc]" name="TC009statusCheck" duration-ms="0" started-at="2020-03-19T16:07:06 EDT" depends-on-methods="src.com.example.tests.RegressionTestPCS.TC008setGlobalUnitMeasure" finished-at="2020-03-19T16:07:06 EDT">
          <exception class="java.lang.Throwable">
            <message>
              <![CDATA[Method RegressionTestPCS.TC009statusCheck()[pri:9, instance:src.com.example.tests.RegressionTestPCS@3108bc] depends on not successfully finished methods]]>
            </message>
            <full-stacktrace>
              <![CDATA[java.lang.Throwable: Method RegressionTestPCS.TC009statusCheck()[pri:9, instance:src.com.example.tests.RegressionTestPCS@3108bc] depends on not successfully finished methods
at org.testng.internal.TestInvoker.invokeTestMethods(TestInvoker.java:99)
at org.testng.internal.TestMethodWorker.invokeTestMethods(TestMethodWorker.java:146)
at org.testng.internal.TestMethodWorker.run(TestMethodWorker.java:128)
at java.util.ArrayList.forEach(ArrayList.java:1257)
at org.testng.TestRunner.privateRun(TestRunner.java:770)
at org.testng.TestRunner.run(TestRunner.java:591)
at org.testng.SuiteRunner.runTest(SuiteRunner.java:402)
at org.testng.SuiteRunner.runSequentially(SuiteRunner.java:396)
at org.testng.SuiteRunner.privateRun(SuiteRunner.java:355)
at org.testng.SuiteRunner.run(SuiteRunner.java:304)
at org.testng.SuiteRunnerWorker.runSuite(SuiteRunnerWorker.java:53)
at org.testng.SuiteRunnerWorker.run(SuiteRunnerWorker.java:96)
at org.testng.TestNG.runSuitesSequentially(TestNG.java:1180)
at org.testng.TestNG.runSuitesLocally(TestNG.java:1102)
at org.testng.TestNG.runSuites(TestNG.java:1032)
at org.testng.TestNG.run(TestNG.java:1000)
at org.testng.remote.AbstractRemoteTestNG.run(AbstractRemoteTestNG.java:115)
at org.testng.remote.RemoteTestNG.initAndRun(RemoteTestNG.java:251)
at org.testng.remote.RemoteTestNG.main(RemoteTestNG.java:77)
]]>
            </full-stacktrace>
          </exception> <!-- java.lang.Throwable -->
          <reporter-output>
          </reporter-output>
        </test-method> <!-- TC009statusCheck -->
        <test-method status="SKIP" signature="TC010getSnapshot()[pri:10, instance:src.com.example.tests.RegressionTestPCS@3108bc]" name="TC010getSnapshot" duration-ms="0" started-at="2020-03-19T16:07:06 EDT" depends-on-methods="src.com.example.tests.RegressionTestPCS.TC009statusCheck" finished-at="2020-03-19T16:07:06 EDT">
          <exception class="java.lang.Throwable">
            <message>
              <![CDATA[Method RegressionTestPCS.TC010getSnapshot()[pri:10, instance:src.com.example.tests.RegressionTestPCS@3108bc] depends on not successfully finished methods]]>
            </message>
            <full-stacktrace>
              <![CDATA[java.lang.Throwable: Method RegressionTestPCS.TC010getSnapshot()[pri:10, instance:src.com.example.tests.RegressionTestPCS@3108bc] depends on not successfully finished methods
at org.testng.internal.TestInvoker.invokeTestMethods(TestInvoker.java:99)
at org.testng.internal.TestMethodWorker.invokeTestMethods(TestMethodWorker.java:146)
at org.testng.internal.TestMethodWorker.run(TestMethodWorker.java:128)
at java.util.ArrayList.forEach(ArrayList.java:1257)
at org.testng.TestRunner.privateRun(TestRunner.java:770)
at org.testng.TestRunner.run(TestRunner.java:591)
at org.testng.SuiteRunner.runTest(SuiteRunner.java:402)
at org.testng.SuiteRunner.runSequentially(SuiteRunner.java:396)
at org.testng.SuiteRunner.privateRun(SuiteRunner.java:355)
at org.testng.SuiteRunner.run(SuiteRunner.java:304)
at org.testng.SuiteRunnerWorker.runSuite(SuiteRunnerWorker.java:53)
at org.testng.SuiteRunnerWorker.run(SuiteRunnerWorker.java:96)
at org.testng.TestNG.runSuitesSequentially(TestNG.java:1180)
at org.testng.TestNG.runSuitesLocally(TestNG.java:1102)
at org.testng.TestNG.runSuites(TestNG.java:1032)
at org.testng.TestNG.run(TestNG.java:1000)
at org.testng.remote.AbstractRemoteTestNG.run(AbstractRemoteTestNG.java:115)
at org.testng.remote.RemoteTestNG.initAndRun(RemoteTestNG.java:251)
at org.testng.remote.RemoteTestNG.main(RemoteTestNG.java:77)
]]>
            </full-stacktrace>
          </exception> <!-- java.lang.Throwable -->
          <reporter-output>
          </reporter-output>
        </test-method> <!-- TC010getSnapshot -->
        <test-method status="SKIP" signature="TC0011setCycleTime()[pri:11, instance:src.com.example.tests.RegressionTestPCS@3108bc]" name="TC0011setCycleTime" duration-ms="0" started-at="2020-03-19T16:07:06 EDT" depends-on-methods="src.com.example.tests.RegressionTestPCS.TC010getSnapshot" finished-at="2020-03-19T16:07:06 EDT">
          <exception class="java.lang.Throwable">
            <message>
              <![CDATA[Method RegressionTestPCS.TC0011setCycleTime()[pri:11, instance:src.com.example.tests.RegressionTestPCS@3108bc] depends on not successfully finished methods]]>
            </message>
            <full-stacktrace>
              <![CDATA[java.lang.Throwable: Method RegressionTestPCS.TC0011setCycleTime()[pri:11, instance:src.com.example.tests.RegressionTestPCS@3108bc] depends on not successfully finished methods
at org.testng.internal.TestInvoker.invokeTestMethods(TestInvoker.java:99)
at org.testng.internal.TestMethodWorker.invokeTestMethods(TestMethodWorker.java:146)
at org.testng.internal.TestMethodWorker.run(TestMethodWorker.java:128)
at java.util.ArrayList.forEach(ArrayList.java:1257)
at org.testng.TestRunner.privateRun(TestRunner.java:770)
at org.testng.TestRunner.run(TestRunner.java:591)
at org.testng.SuiteRunner.runTest(SuiteRunner.java:402)
at org.testng.SuiteRunner.runSequentially(SuiteRunner.java:396)
at org.testng.SuiteRunner.privateRun(SuiteRunner.java:355)
at org.testng.SuiteRunner.run(SuiteRunner.java:304)
at org.testng.SuiteRunnerWorker.runSuite(SuiteRunnerWorker.java:53)
at org.testng.SuiteRunnerWorker.run(SuiteRunnerWorker.java:96)
at org.testng.TestNG.runSuitesSequentially(TestNG.java:1180)
at org.testng.TestNG.runSuitesLocally(TestNG.java:1102)
at org.testng.TestNG.runSuites(TestNG.java:1032)
at org.testng.TestNG.run(TestNG.java:1000)
at org.testng.remote.AbstractRemoteTestNG.run(AbstractRemoteTestNG.java:115)
at org.testng.remote.RemoteTestNG.initAndRun(RemoteTestNG.java:251)
at org.testng.remote.RemoteTestNG.main(RemoteTestNG.java:77)
]]>
            </full-stacktrace>
          </exception> <!-- java.lang.Throwable -->
          <reporter-output>
          </reporter-output>
        </test-method> <!-- TC0011setCycleTime -->
        <test-method status="SKIP" signature="TC012deleteAllNodes()[pri:12, instance:src.com.example.tests.RegressionTestPCS@3108bc]" name="TC012deleteAllNodes" duration-ms="0" started-at="2020-03-19T16:07:06 EDT" depends-on-methods="src.com.example.tests.RegressionTestPCS.TC0011setCycleTime" finished-at="2020-03-19T16:07:06 EDT">
          <exception class="java.lang.Throwable">
            <message>
              <![CDATA[Method RegressionTestPCS.TC012deleteAllNodes()[pri:12, instance:src.com.example.tests.RegressionTestPCS@3108bc] depends on not successfully finished methods]]>
            </message>
            <full-stacktrace>
              <![CDATA[java.lang.Throwable: Method RegressionTestPCS.TC012deleteAllNodes()[pri:12, instance:src.com.example.tests.RegressionTestPCS@3108bc] depends on not successfully finished methods
at org.testng.internal.TestInvoker.invokeTestMethods(TestInvoker.java:99)
at org.testng.internal.TestMethodWorker.invokeTestMethods(TestMethodWorker.java:146)
at org.testng.internal.TestMethodWorker.run(TestMethodWorker.java:128)
at java.util.ArrayList.forEach(ArrayList.java:1257)
at org.testng.TestRunner.privateRun(TestRunner.java:770)
at org.testng.TestRunner.run(TestRunner.java:591)
at org.testng.SuiteRunner.runTest(SuiteRunner.java:402)
at org.testng.SuiteRunner.runSequentially(SuiteRunner.java:396)
at org.testng.SuiteRunner.privateRun(SuiteRunner.java:355)
at org.testng.SuiteRunner.run(SuiteRunner.java:304)
at org.testng.SuiteRunnerWorker.runSuite(SuiteRunnerWorker.java:53)
at org.testng.SuiteRunnerWorker.run(SuiteRunnerWorker.java:96)
at org.testng.TestNG.runSuitesSequentially(TestNG.java:1180)
at org.testng.TestNG.runSuitesLocally(TestNG.java:1102)
at org.testng.TestNG.runSuites(TestNG.java:1032)
at org.testng.TestNG.run(TestNG.java:1000)
at org.testng.remote.AbstractRemoteTestNG.run(AbstractRemoteTestNG.java:115)
at org.testng.remote.RemoteTestNG.initAndRun(RemoteTestNG.java:251)
at org.testng.remote.RemoteTestNG.main(RemoteTestNG.java:77)
]]>
            </full-stacktrace>
          </exception> <!-- java.lang.Throwable -->
          <reporter-output>
          </reporter-output>
        </test-method> <!-- TC012deleteAllNodes -->
        <test-method status="PASS" signature="tearDown()[pri:0, instance:src.com.example.tests.RegressionTestPCS@3108bc]" name="tearDown" is-config="true" duration-ms="597" started-at="2020-03-19T16:07:06 EDT" finished-at="2020-03-19T16:07:06 EDT">
          <reporter-output>
          </reporter-output>
        </test-method> <!-- tearDown -->
      </class> <!-- src.com.example.tests.RegressionTestPCS -->
    </test> <!-- Default test -->
  </suite> <!-- Default suite -->
</testng-results>
