<?xml version="1.0" encoding="UTF-8"?>
<testng-results skipped="0" failed="0" ignored="0" total="1" passed="1">
  <reporter-output>
  </reporter-output>
  <suite name="Default suite" duration-ms="5309" started-at="2020-01-02T13:49:44 EST" finished-at="2020-01-02T13:49:49 EST">
    <groups>
    </groups>
    <test name="Default test" duration-ms="5309" started-at="2020-01-02T13:49:44 EST" finished-at="2020-01-02T13:49:49 EST">
      <class name="src.com.example.tests.TC001LoginValidate">
        <test-method status="PASS" signature="setUp()[pri:0, instance:src.com.example.tests.TC001LoginValidate@5abca1e0]" name="setUp" is-config="true" duration-ms="3592" started-at="2020-01-02T13:49:44 EST" finished-at="2020-01-02T13:49:47 EST">
          <reporter-output>
          </reporter-output>
        </test-method> <!-- setUp -->
        <test-method status="PASS" signature="testTC001LoginValidate()[pri:0, instance:src.com.example.tests.TC001LoginValidate@5abca1e0]" name="testTC001LoginValidate" duration-ms="1121" started-at="2020-01-02T13:49:47 EST" finished-at="2020-01-02T13:49:49 EST">
          <reporter-output>
          </reporter-output>
        </test-method> <!-- testTC001LoginValidate -->
        <test-method status="PASS" signature="tearDown()[pri:0, instance:src.com.example.tests.TC001LoginValidate@5abca1e0]" name="tearDown" is-config="true" duration-ms="578" started-at="2020-01-02T13:49:49 EST" finished-at="2020-01-02T13:49:49 EST">
          <reporter-output>
          </reporter-output>
        </test-method> <!-- tearDown -->
      </class> <!-- src.com.example.tests.TC001LoginValidate -->
    </test> <!-- Default test -->
  </suite> <!-- Default suite -->
</testng-results>
