<?xml version="1.0" encoding="UTF-8"?>
<testng-results skipped="0" failed="1" ignored="0" total="1" passed="0">
  <reporter-output>
  </reporter-output>
  <suite name="Default suite" duration-ms="16738" started-at="2020-02-24T11:43:30 EST" finished-at="2020-02-24T11:43:46 EST">
    <groups>
    </groups>
    <test name="Default test" duration-ms="16738" started-at="2020-02-24T11:43:30 EST" finished-at="2020-02-24T11:43:46 EST">
      <class name="src.com.example.tests.TC0015CreateDisplayGroupPOP">
        <test-method status="PASS" signature="setUp()[pri:0, instance:src.com.example.tests.TC0015CreateDisplayGroupPOP@5abca1e0]" name="setUp" is-config="true" duration-ms="9679" started-at="2020-02-24T11:43:30 EST" finished-at="2020-02-24T11:43:39 EST">
          <reporter-output>
          </reporter-output>
        </test-method> <!-- setUp -->
        <test-method status="FAIL" signature="testTC0015CreateDisplayGroupPOP()[pri:0, instance:src.com.example.tests.TC0015CreateDisplayGroupPOP@5abca1e0]" name="testTC0015CreateDisplayGroupPOP" duration-ms="6432" started-at="2020-02-24T11:43:39 EST" finished-at="2020-02-24T11:43:46 EST">
          <exception class="java.lang.AssertionError">
            <message>
              <![CDATA[null]]>
            </message>
            <full-stacktrace>
              <![CDATA[java.lang.AssertionError: null
at org.testng.Assert.fail(Assert.java:97)
at org.testng.Assert.fail(Assert.java:102)
at src.com.example.tests.TC0015CreateDisplayGroupPOP.testTC0015CreateDisplayGroupPOP(TC0015CreateDisplayGroupPOP.java:92)
at sun.reflect.NativeMethodAccessorImpl.invoke0(Native Method)
at sun.reflect.NativeMethodAccessorImpl.invoke(NativeMethodAccessorImpl.java:62)
at sun.reflect.DelegatingMethodAccessorImpl.invoke(DelegatingMethodAccessorImpl.java:43)
at java.lang.reflect.Method.invoke(Method.java:498)
at org.testng.internal.MethodInvocationHelper.invokeMethod(MethodInvocationHelper.java:133)
at org.testng.internal.TestInvoker.invokeMethod(TestInvoker.java:584)
at org.testng.internal.TestInvoker.invokeTestMethod(TestInvoker.java:172)
at org.testng.internal.MethodRunner.runInSequence(MethodRunner.java:46)
at org.testng.internal.TestInvoker$MethodInvocationAgent.invoke(TestInvoker.java:804)
at org.testng.internal.TestInvoker.invokeTestMethods(TestInvoker.java:145)
at org.testng.internal.TestMethodWorker.invokeTestMethods(TestMethodWorker.java:146)
at org.testng.internal.TestMethodWorker.run(TestMethodWorker.java:128)
at java.util.ArrayList.forEach(ArrayList.java:1257)
at org.testng.TestRunner.privateRun(TestRunner.java:770)
at org.testng.TestRunner.run(TestRunner.java:591)
at org.testng.SuiteRunner.runTest(SuiteRunner.java:402)
at org.testng.SuiteRunner.runSequentially(SuiteRunner.java:396)
at org.testng.SuiteRunner.privateRun(SuiteRunner.java:355)
at org.testng.SuiteRunner.run(SuiteRunner.java:304)
at org.testng.SuiteRunnerWorker.runSuite(SuiteRunnerWorker.java:53)
at org.testng.SuiteRunnerWorker.run(SuiteRunnerWorker.java:96)
at org.testng.TestNG.runSuitesSequentially(TestNG.java:1180)
at org.testng.TestNG.runSuitesLocally(TestNG.java:1102)
at org.testng.TestNG.runSuites(TestNG.java:1032)
at org.testng.TestNG.run(TestNG.java:1000)
at org.testng.remote.AbstractRemoteTestNG.run(AbstractRemoteTestNG.java:115)
at org.testng.remote.RemoteTestNG.initAndRun(RemoteTestNG.java:251)
at org.testng.remote.RemoteTestNG.main(RemoteTestNG.java:77)
]]>
            </full-stacktrace>
          </exception> <!-- java.lang.AssertionError -->
          <reporter-output>
          </reporter-output>
        </test-method> <!-- testTC0015CreateDisplayGroupPOP -->
        <test-method status="PASS" signature="tearDown()[pri:0, instance:src.com.example.tests.TC0015CreateDisplayGroupPOP@5abca1e0]" name="tearDown" is-config="true" duration-ms="605" started-at="2020-02-24T11:43:46 EST" finished-at="2020-02-24T11:43:46 EST">
          <reporter-output>
          </reporter-output>
        </test-method> <!-- tearDown -->
      </class> <!-- src.com.example.tests.TC0015CreateDisplayGroupPOP -->
    </test> <!-- Default test -->
  </suite> <!-- Default suite -->
</testng-results>
